[0m13:39:15.903537 [debug] [MainThread]: Sending event: {'category': 'dbt', 'action': 'invocation', 'label': 'start', 'context': [<snowplow_tracker.self_describing_json.SelfDescribingJson object at 0x1063de340>, <snowplow_tracker.self_describing_json.SelfDescribingJson object at 0x108438490>, <snowplow_tracker.self_describing_json.SelfDescribingJson object at 0x1084382b0>]}


============================== 13:39:15.906255 | 00e15a4b-a16e-4144-accb-ef732c18597e ==============================
[0m13:39:15.906255 [info ] [MainThread]: Running with dbt=1.11.0-b3
[0m13:39:15.906685 [debug] [MainThread]: running dbt with arguments {'log_cache_events': 'False', 'send_anonymous_usage_stats': 'True', 'log_path': 'logs', 'warn_error_options': 'WarnErrorOptionsV2(error=[], warn=[], silence=[])', 'invocation_command': 'dbt init stock_analytics', 'use_colors': 'True', 'warn_error': 'None', 'empty': 'None', 'printer_width': '80', 'profiles_dir': '/Users/miguelvalenzuela/.dbt', 'static_parser': 'True', 'target_path': 'None', 'cache_selected_only': 'False', 'quiet': 'False', 'indirect_selection': 'eager', 'introspect': 'True', 'partial_parse': 'True', 'use_experimental_parser': 'False', 'write_json': 'True', 'debug': 'False', 'version_check': 'True', 'fail_fast': 'False', 'no_print': 'None', 'log_format': 'default'}
[0m13:39:15.914255 [info ] [MainThread]: Creating dbt configuration folder at /Users/miguelvalenzuela/.dbt
[0m13:39:15.914934 [debug] [MainThread]: Starter project path: /Users/miguelvalenzuela/Library/Python/3.9/lib/python/site-packages/dbt/include/starter_project
[0m13:39:15.917456 [info ] [MainThread]: 
Your new dbt project "stock_analytics" was created!

For more information on how to configure the profiles.yml file,
please consult the dbt documentation here:

  https://docs.getdbt.com/docs/configure-your-profile

One more thing:

Need help? Don't hesitate to reach out to us via GitHub issues or on Slack:

  https://community.getdbt.com/

Happy modeling!

[0m13:39:15.917631 [info ] [MainThread]: Setting up your profile.
[0m13:39:58.980778 [error] [MainThread]: Encountered an error:
list index out of range
[0m13:39:59.026216 [error] [MainThread]: Traceback (most recent call last):
  File "/Users/miguelvalenzuela/Library/Python/3.9/lib/python/site-packages/dbt/cli/requires.py", line 178, in wrapper
    result, success = func(*args, **kwargs)
  File "/Users/miguelvalenzuela/Library/Python/3.9/lib/python/site-packages/dbt/cli/requires.py", line 128, in wrapper
    return func(*args, **kwargs)
  File "/Users/miguelvalenzuela/Library/Python/3.9/lib/python/site-packages/dbt/cli/main.py", line 483, in init
    results = task.run()
  File "/Users/miguelvalenzuela/Library/Python/3.9/lib/python/site-packages/dbt/task/init.py", line 346, in run
    self.setup_profile(profile_name)
  File "/Users/miguelvalenzuela/Library/Python/3.9/lib/python/site-packages/dbt/task/init.py", line 261, in setup_profile
    adapter = self.ask_for_adapter_choice()
  File "/Users/miguelvalenzuela/Library/Python/3.9/lib/python/site-packages/dbt/task/init.py", line 243, in ask_for_adapter_choice
    return available_adapters[numeric_choice - 1]
IndexError: list index out of range

[0m13:39:59.030793 [debug] [MainThread]: Resource report: {"command_name": "init", "command_success": false, "command_wall_clock_time": 43.167694, "process_in_blocks": "0", "process_kernel_time": 0.141283, "process_mem_max_rss": "100024320", "process_out_blocks": "0", "process_user_time": 0.725824}
[0m13:39:59.031484 [debug] [MainThread]: Command `dbt init` failed at 13:39:59.031328 after 43.17 seconds
[0m13:39:59.032069 [debug] [MainThread]: Sending event: {'category': 'dbt', 'action': 'invocation', 'label': 'end', 'context': [<snowplow_tracker.self_describing_json.SelfDescribingJson object at 0x1063de340>, <snowplow_tracker.self_describing_json.SelfDescribingJson object at 0x107ba7580>, <snowplow_tracker.self_describing_json.SelfDescribingJson object at 0x108412c40>]}
[0m13:39:59.032627 [debug] [MainThread]: Flushing usage events
[0m13:39:59.413440 [debug] [MainThread]: An error was encountered while trying to flush usage events
[0m13:42:25.371983 [debug] [MainThread]: Sending event: {'category': 'dbt', 'action': 'invocation', 'label': 'start', 'context': [<snowplow_tracker.self_describing_json.SelfDescribingJson object at 0x10802a2b0>, <snowplow_tracker.self_describing_json.SelfDescribingJson object at 0x109af8550>, <snowplow_tracker.self_describing_json.SelfDescribingJson object at 0x109af8370>]}


============================== 13:42:25.374832 | f81faa0b-7d35-41d4-96d0-6721ed2144b3 ==============================
[0m13:42:25.374832 [info ] [MainThread]: Running with dbt=1.11.0-b3
[0m13:42:25.375237 [debug] [MainThread]: running dbt with arguments {'log_cache_events': 'False', 'quiet': 'False', 'printer_width': '80', 'write_json': 'True', 'log_format': 'default', 'partial_parse': 'True', 'send_anonymous_usage_stats': 'True', 'empty': 'None', 'log_path': 'logs', 'use_colors': 'True', 'cache_selected_only': 'False', 'debug': 'False', 'warn_error': 'None', 'profiles_dir': '/Users/miguelvalenzuela/.dbt', 'static_parser': 'True', 'indirect_selection': 'eager', 'use_experimental_parser': 'False', 'no_print': 'None', 'warn_error_options': 'WarnErrorOptionsV2(error=[], warn=[], silence=[])', 'introspect': 'True', 'fail_fast': 'False', 'version_check': 'True', 'invocation_command': 'dbt init stock_analytics', 'target_path': 'None'}
[0m13:42:25.383471 [info ] [MainThread]: A project called stock_analytics already exists here.
[0m13:42:25.384321 [debug] [MainThread]: Resource report: {"command_name": "init", "command_success": true, "command_wall_clock_time": 0.05728217, "process_in_blocks": "0", "process_kernel_time": 0.089102, "process_mem_max_rss": "100466688", "process_out_blocks": "0", "process_user_time": 0.711697}
[0m13:42:25.384537 [debug] [MainThread]: Command `dbt init` succeeded at 13:42:25.384490 after 0.06 seconds
[0m13:42:25.384702 [debug] [MainThread]: Sending event: {'category': 'dbt', 'action': 'invocation', 'label': 'end', 'context': [<snowplow_tracker.self_describing_json.SelfDescribingJson object at 0x10802a2b0>, <snowplow_tracker.self_describing_json.SelfDescribingJson object at 0x109a5c8e0>, <snowplow_tracker.self_describing_json.SelfDescribingJson object at 0x109a6f730>]}
[0m13:42:25.384884 [debug] [MainThread]: Flushing usage events
[0m13:42:25.791121 [debug] [MainThread]: An error was encountered while trying to flush usage events
